<?xml version="1.0" encoding="UTF-8"?>
<!-- Generated by org.testng.reporters.JUnitReportReporter -->
<testsuite skipped="0" hostname="Disha" name="ZidFrameworkTest.Zid.UserRegisterTest" tests="4" failures="0" timestamp="2020-06-10T11:00:43 EET" time="89.675" errors="0">
  <testcase name="Register" time="21.323" classname="ZidFrameworkTest.Zid.UserRegisterTest"/>
  <system-out/>
  <testcase name="Register" time="24.087" classname="ZidFrameworkTest.Zid.UserRegisterTest"/>
  <system-out/>
  <testcase name="Register" time="22.061" classname="ZidFrameworkTest.Zid.UserRegisterTest"/>
  <system-out/>
  <testcase name="Register" time="22.204" classname="ZidFrameworkTest.Zid.UserRegisterTest"/>
  <system-out/>
</testsuite> <!-- ZidFrameworkTest.Zid.UserRegisterTest -->
