<?xml version="1.0" encoding="UTF-8"?>
<!-- Generated by org.testng.reporters.JUnitReportReporter -->
<testsuite skipped="0" hostname="Disha" name="ZidFrameworkTest.Zid.InvalidRegisterTest" tests="2" failures="0" timestamp="2020-06-10T11:02:21 EET" time="26.319" errors="0">
  <testcase name="Register" time="13.326" classname="ZidFrameworkTest.Zid.InvalidRegisterTest"/>
  <system-out/>
  <testcase name="Register" time="12.993" classname="ZidFrameworkTest.Zid.InvalidRegisterTest"/>
  <system-out/>
</testsuite> <!-- ZidFrameworkTest.Zid.InvalidRegisterTest -->
