<?xml version="1.0" encoding="UTF-8"?>
<!-- Generated by org.testng.reporters.JUnitReportReporter -->
<testsuite skipped="0" hostname="Disha" name="ZidFrameworkTest.Zid.homepage" tests="1" failures="0" timestamp="2020-06-07T21:45:45 EET" time="1.991" errors="0">
  <testcase name="english" time="1.991" classname="ZidFrameworkTest.Zid.homepage"/>
  <system-out/>
</testsuite> <!-- ZidFrameworkTest.Zid.homepage -->
