<?xml version="1.0" encoding="UTF-8"?>
<!-- Generated by org.testng.reporters.JUnitReportReporter -->
<testsuite skipped="0" hostname="Disha" name="runner.TestRunner2" tests="1" failures="0" timestamp="2020-06-10T05:11:56 EET" time="59.422" errors="0">
  <testcase name="feature" time="59.422" classname="runner.TestRunner2"/>
  <system-out/>
</testsuite> <!-- runner.TestRunner2 -->
