<?xml version="1.0" encoding="UTF-8"?>
<!-- Generated by org.testng.reporters.JUnitReportReporter -->
<testsuite skipped="0" hostname="Disha" name="runner.testRunner" tests="1" failures="0" timestamp="2020-06-10T10:50:36 EET" time="123.548" errors="0">
  <testcase name="feature" time="123.548" classname="runner.testRunner"/>
  <system-out/>
</testsuite> <!-- runner.testRunner -->
